{"C:\\Users\\joaopzevedo\\Desktop\\Me\\AulasTypeScript_DNC\\dashboards-vendas-dnc\\src\\componnents\\AvatarList.tsx": {"path":"C:\\Users\\joaopzevedo\\Desktop\\Me\\AulasTypeScript_DNC\\dashboards-vendas-dnc\\src\\componnents\\AvatarList.tsx","statementMap":{"0":{"start":{"line":6,"column":0},"end":{"line":6,"column":16}},"1":{"start":{"line":1,"column":0},"end":{"line":1,"column":43}},"2":{"start":{"line":2,"column":0},"end":{"line":2,"column":33}},"3":{"start":{"line":3,"column":0},"end":{"line":3,"column":53}},"4":{"start":{"line":7,"column":1},"end":{"line":7,"column":null}},"5":{"start":{"line":8,"column":1},"end":{"line":25,"column":null}},"6":{"start":{"line":12,"column":5},"end":{"line":12,"column":22}}},"fnMap":{"0":{"name":"AvatarList","decl":{"start":{"line":6,"column":16},"end":{"line":6,"column":26}},"loc":{"start":{"line":6,"column":49},"end":{"line":26,"column":1}}},"1":{"name":"(anonymous_1)","decl":{"start":{"line":11,"column":23},"end":{"line":11,"column":24}},"loc":{"start":{"line":12,"column":5},"end":{"line":12,"column":22}}}},"branchMap":{},"s":{"0":4,"1":4,"2":4,"3":4,"4":0,"5":0,"6":0},"f":{"0":0,"1":0},"b":{}}
,"C:\\Users\\joaopzevedo\\Desktop\\Me\\AulasTypeScript_DNC\\dashboards-vendas-dnc\\src\\componnents\\BannerImage.tsx": {"path":"C:\\Users\\joaopzevedo\\Desktop\\Me\\AulasTypeScript_DNC\\dashboards-vendas-dnc\\src\\componnents\\BannerImage.tsx","statementMap":{"0":{"start":{"line":1,"column":0},"end":{"line":1,"column":38}},"1":{"start":{"line":3,"column":13},"end":{"line":8,"column":null}}},"fnMap":{},"branchMap":{},"s":{"0":4,"1":4},"f":{},"b":{}}
,"C:\\Users\\joaopzevedo\\Desktop\\Me\\AulasTypeScript_DNC\\dashboards-vendas-dnc\\src\\componnents\\CardComponents.tsx": {"path":"C:\\Users\\joaopzevedo\\Desktop\\Me\\AulasTypeScript_DNC\\dashboards-vendas-dnc\\src\\componnents\\CardComponents.tsx","statementMap":{"0":{"start":{"line":1,"column":0},"end":{"line":1,"column":38}},"1":{"start":{"line":2,"column":0},"end":{"line":2,"column":33}},"2":{"start":{"line":4,"column":13},"end":{"line":27,"column":null}},"3":{"start":{"line":5,"column":35},"end":{"line":5,"column":62}},"4":{"start":{"line":6,"column":45},"end":{"line":6,"column":68}},"5":{"start":{"line":12,"column":39},"end":{"line":12,"column":61}},"6":{"start":{"line":13,"column":35},"end":{"line":13,"column":57}},"7":{"start":{"line":16,"column":39},"end":{"line":16,"column":63}},"8":{"start":{"line":17,"column":35},"end":{"line":17,"column":59}},"9":{"start":{"line":20,"column":39},"end":{"line":20,"column":63}},"10":{"start":{"line":21,"column":35},"end":{"line":21,"column":59}}},"fnMap":{"0":{"name":"(anonymous_1)","decl":{"start":{"line":5,"column":24},"end":{"line":5,"column":25}},"loc":{"start":{"line":5,"column":35},"end":{"line":5,"column":62}}},"1":{"name":"(anonymous_2)","decl":{"start":{"line":6,"column":34},"end":{"line":6,"column":35}},"loc":{"start":{"line":6,"column":45},"end":{"line":6,"column":68}}},"2":{"name":"(anonymous_3)","decl":{"start":{"line":12,"column":28},"end":{"line":12,"column":29}},"loc":{"start":{"line":12,"column":39},"end":{"line":12,"column":61}}},"3":{"name":"(anonymous_4)","decl":{"start":{"line":13,"column":24},"end":{"line":13,"column":25}},"loc":{"start":{"line":13,"column":35},"end":{"line":13,"column":57}}},"4":{"name":"(anonymous_5)","decl":{"start":{"line":16,"column":28},"end":{"line":16,"column":29}},"loc":{"start":{"line":16,"column":39},"end":{"line":16,"column":63}}},"5":{"name":"(anonymous_6)","decl":{"start":{"line":17,"column":24},"end":{"line":17,"column":25}},"loc":{"start":{"line":17,"column":35},"end":{"line":17,"column":59}}},"6":{"name":"(anonymous_7)","decl":{"start":{"line":20,"column":28},"end":{"line":20,"column":29}},"loc":{"start":{"line":20,"column":39},"end":{"line":20,"column":63}}},"7":{"name":"(anonymous_8)","decl":{"start":{"line":21,"column":24},"end":{"line":21,"column":25}},"loc":{"start":{"line":21,"column":35},"end":{"line":21,"column":59}}}},"branchMap":{},"s":{"0":4,"1":4,"2":4,"3":8,"4":8,"5":8,"6":8,"7":8,"8":8,"9":8,"10":8},"f":{"0":8,"1":8,"2":8,"3":8,"4":8,"5":8,"6":8,"7":8},"b":{}}
,"C:\\Users\\joaopzevedo\\Desktop\\Me\\AulasTypeScript_DNC\\dashboards-vendas-dnc\\src\\componnents\\CustomChart.tsx": {"path":"C:\\Users\\joaopzevedo\\Desktop\\Me\\AulasTypeScript_DNC\\dashboards-vendas-dnc\\src\\componnents\\CustomChart.tsx","statementMap":{"0":{"start":{"line":9,"column":0},"end":{"line":9,"column":16}},"1":{"start":{"line":1,"column":0},"end":{"line":1,"column":45}},"2":{"start":{"line":2,"column":0},"end":{"line":2,"column":34}},"3":{"start":{"line":3,"column":0},"end":{"line":3,"column":117}},"4":{"start":{"line":4,"column":0},"end":{"line":4,"column":44}},"5":{"start":{"line":7,"column":0},"end":{"line":7,"column":106}},"6":{"start":{"line":10,"column":35},"end":{"line":10,"column":40}},"7":{"start":{"line":11,"column":18},"end":{"line":11,"column":28}},"8":{"start":{"line":13,"column":20},"end":{"line":44,"column":6}},"9":{"start":{"line":46,"column":22},"end":{"line":55,"column":6}},"10":{"start":{"line":57,"column":4},"end":{"line":61,"column":6}}},"fnMap":{"0":{"name":"CustomChart","decl":{"start":{"line":9,"column":16},"end":{"line":9,"column":27}},"loc":{"start":{"line":9,"column":51},"end":{"line":62,"column":1}}}},"branchMap":{"0":{"loc":{"start":{"line":57,"column":11},"end":{"line":60,"column":null}},"type":"cond-expr","locations":[{"start":{"line":58,"column":8},"end":{"line":58,"column":50}},{"start":{"line":60,"column":8},"end":{"line":60,"column":51}}]}},"s":{"0":4,"1":4,"2":4,"3":4,"4":4,"5":4,"6":0,"7":0,"8":0,"9":0,"10":0},"f":{"0":0},"b":{"0":[0,0]}}
,"C:\\Users\\joaopzevedo\\Desktop\\Me\\AulasTypeScript_DNC\\dashboards-vendas-dnc\\src\\componnents\\CustomTable.tsx": {"path":"C:\\Users\\joaopzevedo\\Desktop\\Me\\AulasTypeScript_DNC\\dashboards-vendas-dnc\\src\\componnents\\CustomTable.tsx","statementMap":{"0":{"start":{"line":50,"column":0},"end":{"line":50,"column":16}},"1":{"start":{"line":1,"column":0},"end":{"line":1,"column":38}},"2":{"start":{"line":2,"column":0},"end":{"line":2,"column":33}},"3":{"start":{"line":5,"column":21},"end":{"line":48,"column":null}},"4":{"start":{"line":37,"column":22},"end":{"line":37,"column":55}},"5":{"start":{"line":41,"column":50},"end":{"line":41,"column":78}},"6":{"start":{"line":51,"column":25},"end":{"line":51,"column":30}},"7":{"start":{"line":52,"column":1},"end":{"line":81,"column":null}},"8":{"start":{"line":58,"column":7},"end":{"line":58,"column":25}},"9":{"start":{"line":66,"column":6},"end":{"line":66,"column":null}},"10":{"start":{"line":69,"column":9},"end":{"line":69,"column":null}}},"fnMap":{"0":{"name":"(anonymous_1)","decl":{"start":{"line":37,"column":11},"end":{"line":37,"column":12}},"loc":{"start":{"line":37,"column":22},"end":{"line":37,"column":55}}},"1":{"name":"(anonymous_2)","decl":{"start":{"line":41,"column":39},"end":{"line":41,"column":40}},"loc":{"start":{"line":41,"column":50},"end":{"line":41,"column":78}}},"2":{"name":"CustomTable","decl":{"start":{"line":50,"column":16},"end":{"line":50,"column":27}},"loc":{"start":{"line":50,"column":52},"end":{"line":82,"column":1}}},"3":{"name":"(anonymous_4)","decl":{"start":{"line":57,"column":18},"end":{"line":57,"column":19}},"loc":{"start":{"line":58,"column":7},"end":{"line":58,"column":25}}},"4":{"name":"(anonymous_5)","decl":{"start":{"line":65,"column":14},"end":{"line":65,"column":15}},"loc":{"start":{"line":66,"column":6},"end":{"line":66,"column":null}}},"5":{"name":"(anonymous_6)","decl":{"start":{"line":68,"column":16},"end":{"line":68,"column":17}},"loc":{"start":{"line":69,"column":9},"end":{"line":69,"column":null}}}},"branchMap":{},"s":{"0":4,"1":4,"2":4,"3":4,"4":0,"5":0,"6":0,"7":0,"8":0,"9":0,"10":0},"f":{"0":0,"1":0,"2":0,"3":0,"4":0,"5":0},"b":{}}
,"C:\\Users\\joaopzevedo\\Desktop\\Me\\AulasTypeScript_DNC\\dashboards-vendas-dnc\\src\\componnents\\FormComponents.tsx": {"path":"C:\\Users\\joaopzevedo\\Desktop\\Me\\AulasTypeScript_DNC\\dashboards-vendas-dnc\\src\\componnents\\FormComponents.tsx","statementMap":{"0":{"start":{"line":13,"column":0},"end":{"line":13,"column":16}},"1":{"start":{"line":1,"column":0},"end":{"line":1,"column":38}},"2":{"start":{"line":2,"column":0},"end":{"line":2,"column":57}},"3":{"start":{"line":4,"column":0},"end":{"line":4,"column":33}},"4":{"start":{"line":7,"column":13},"end":{"line":11,"column":null}},"5":{"start":{"line":14,"column":39},"end":{"line":14,"column":44}},"6":{"start":{"line":16,"column":2},"end":{"line":30,"column":null}},"7":{"start":{"line":19,"column":8},"end":{"line":19,"column":37}},"8":{"start":{"line":22,"column":8},"end":{"line":22,"column":38}}},"fnMap":{"0":{"name":"FormComponent","decl":{"start":{"line":13,"column":16},"end":{"line":13,"column":29}},"loc":{"start":{"line":13,"column":55},"end":{"line":31,"column":1}}},"1":{"name":"(anonymous_2)","decl":{"start":{"line":18,"column":18},"end":{"line":18,"column":19}},"loc":{"start":{"line":19,"column":8},"end":{"line":19,"column":37}}},"2":{"name":"(anonymous_3)","decl":{"start":{"line":21,"column":19},"end":{"line":21,"column":20}},"loc":{"start":{"line":22,"column":8},"end":{"line":22,"column":38}}}},"branchMap":{"0":{"loc":{"start":{"line":24,"column":7},"end":{"line":27,"column":null}},"type":"binary-expr","locations":[{"start":{"line":24,"column":7},"end":{"line":24,"column":14}},{"start":{"line":25,"column":8},"end":{"line":26,"column":null}}]},"1":{"loc":{"start":{"line":25,"column":29},"end":{"line":25,"column":71}},"type":"cond-expr","locations":[{"start":{"line":25,"column":56},"end":{"line":25,"column":61}},{"start":{"line":25,"column":64},"end":{"line":25,"column":71}}]}},"s":{"0":4,"1":4,"2":4,"3":4,"4":4,"5":0,"6":0,"7":0,"8":0},"f":{"0":0,"1":0,"2":0},"b":{"0":[0,0],"1":[0,0]}}
,"C:\\Users\\joaopzevedo\\Desktop\\Me\\AulasTypeScript_DNC\\dashboards-vendas-dnc\\src\\componnents\\Header.tsx": {"path":"C:\\Users\\joaopzevedo\\Desktop\\Me\\AulasTypeScript_DNC\\dashboards-vendas-dnc\\src\\componnents\\Header.tsx","statementMap":{"0":{"start":{"line":14,"column":0},"end":{"line":14,"column":16}},"1":{"start":{"line":1,"column":0},"end":{"line":1,"column":38}},"2":{"start":{"line":2,"column":0},"end":{"line":2,"column":54}},"3":{"start":{"line":3,"column":0},"end":{"line":3,"column":33}},"4":{"start":{"line":4,"column":0},"end":{"line":4,"column":29}},"5":{"start":{"line":5,"column":0},"end":{"line":5,"column":39}},"6":{"start":{"line":7,"column":21},"end":{"line":12,"column":null}},"7":{"start":{"line":8,"column":35},"end":{"line":8,"column":60}},"8":{"start":{"line":9,"column":52},"end":{"line":9,"column":80}},"9":{"start":{"line":15,"column":4},"end":{"line":33,"column":null}}},"fnMap":{"0":{"name":"(anonymous_1)","decl":{"start":{"line":8,"column":24},"end":{"line":8,"column":25}},"loc":{"start":{"line":8,"column":35},"end":{"line":8,"column":60}}},"1":{"name":"(anonymous_2)","decl":{"start":{"line":9,"column":41},"end":{"line":9,"column":42}},"loc":{"start":{"line":9,"column":52},"end":{"line":9,"column":80}}},"2":{"name":"Header","decl":{"start":{"line":14,"column":16},"end":{"line":14,"column":22}},"loc":{"start":{"line":14,"column":22},"end":{"line":34,"column":1}}}},"branchMap":{},"s":{"0":4,"1":4,"2":4,"3":4,"4":4,"5":4,"6":4,"7":0,"8":0,"9":0},"f":{"0":0,"1":0,"2":0},"b":{}}
,"C:\\Users\\joaopzevedo\\Desktop\\Me\\AulasTypeScript_DNC\\dashboards-vendas-dnc\\src\\componnents\\Logo.tsx": {"path":"C:\\Users\\joaopzevedo\\Desktop\\Me\\AulasTypeScript_DNC\\dashboards-vendas-dnc\\src\\componnents\\Logo.tsx","statementMap":{"0":{"start":{"line":1,"column":0},"end":{"line":1,"column":33}},"1":{"start":{"line":2,"column":0},"end":{"line":2,"column":38}},"2":{"start":{"line":5,"column":13},"end":{"line":11,"column":null}},"3":{"start":{"line":6,"column":39},"end":{"line":6,"column":58}},"4":{"start":{"line":8,"column":24},"end":{"line":8,"column":46}},"5":{"start":{"line":9,"column":23},"end":{"line":9,"column":44}}},"fnMap":{"0":{"name":"(anonymous_1)","decl":{"start":{"line":6,"column":28},"end":{"line":6,"column":29}},"loc":{"start":{"line":6,"column":39},"end":{"line":6,"column":58}}},"1":{"name":"(anonymous_2)","decl":{"start":{"line":8,"column":13},"end":{"line":8,"column":14}},"loc":{"start":{"line":8,"column":24},"end":{"line":8,"column":46}}},"2":{"name":"(anonymous_3)","decl":{"start":{"line":9,"column":12},"end":{"line":9,"column":13}},"loc":{"start":{"line":9,"column":23},"end":{"line":9,"column":44}}}},"branchMap":{},"s":{"0":4,"1":4,"2":4,"3":4,"4":4,"5":4},"f":{"0":4,"1":4,"2":4},"b":{}}
,"C:\\Users\\joaopzevedo\\Desktop\\Me\\AulasTypeScript_DNC\\dashboards-vendas-dnc\\src\\componnents\\StyledButton.tsx": {"path":"C:\\Users\\joaopzevedo\\Desktop\\Me\\AulasTypeScript_DNC\\dashboards-vendas-dnc\\src\\componnents\\StyledButton.tsx","statementMap":{"0":{"start":{"line":1,"column":0},"end":{"line":1,"column":43}},"1":{"start":{"line":3,"column":0},"end":{"line":3,"column":34}},"2":{"start":{"line":5,"column":13},"end":{"line":48,"column":2}},"3":{"start":{"line":17,"column":39},"end":{"line":17,"column":66}},"4":{"start":{"line":18,"column":28},"end":{"line":18,"column":60}},"5":{"start":{"line":20,"column":43},"end":{"line":20,"column":75}},"6":{"start":{"line":24,"column":39},"end":{"line":24,"column":64}},"7":{"start":{"line":25,"column":28},"end":{"line":25,"column":58}},"8":{"start":{"line":27,"column":43},"end":{"line":27,"column":73}},"9":{"start":{"line":32,"column":28},"end":{"line":32,"column":53}},"10":{"start":{"line":36,"column":32},"end":{"line":36,"column":62}},"11":{"start":{"line":40,"column":39},"end":{"line":40,"column":67}},"12":{"start":{"line":41,"column":28},"end":{"line":41,"column":61}},"13":{"start":{"line":44,"column":43},"end":{"line":44,"column":71}},"14":{"start":{"line":45,"column":32},"end":{"line":45,"column":65}}},"fnMap":{"0":{"name":"(anonymous_0)","decl":{"start":{"line":17,"column":28},"end":{"line":17,"column":29}},"loc":{"start":{"line":17,"column":39},"end":{"line":17,"column":66}}},"1":{"name":"(anonymous_1)","decl":{"start":{"line":18,"column":17},"end":{"line":18,"column":18}},"loc":{"start":{"line":18,"column":28},"end":{"line":18,"column":60}}},"2":{"name":"(anonymous_2)","decl":{"start":{"line":20,"column":32},"end":{"line":20,"column":33}},"loc":{"start":{"line":20,"column":43},"end":{"line":20,"column":75}}},"3":{"name":"(anonymous_3)","decl":{"start":{"line":24,"column":28},"end":{"line":24,"column":29}},"loc":{"start":{"line":24,"column":39},"end":{"line":24,"column":64}}},"4":{"name":"(anonymous_4)","decl":{"start":{"line":25,"column":17},"end":{"line":25,"column":18}},"loc":{"start":{"line":25,"column":28},"end":{"line":25,"column":58}}},"5":{"name":"(anonymous_5)","decl":{"start":{"line":27,"column":32},"end":{"line":27,"column":33}},"loc":{"start":{"line":27,"column":43},"end":{"line":27,"column":73}}},"6":{"name":"(anonymous_6)","decl":{"start":{"line":32,"column":17},"end":{"line":32,"column":18}},"loc":{"start":{"line":32,"column":28},"end":{"line":32,"column":53}}},"7":{"name":"(anonymous_7)","decl":{"start":{"line":36,"column":21},"end":{"line":36,"column":22}},"loc":{"start":{"line":36,"column":32},"end":{"line":36,"column":62}}},"8":{"name":"(anonymous_8)","decl":{"start":{"line":40,"column":28},"end":{"line":40,"column":29}},"loc":{"start":{"line":40,"column":39},"end":{"line":40,"column":67}}},"9":{"name":"(anonymous_9)","decl":{"start":{"line":41,"column":17},"end":{"line":41,"column":18}},"loc":{"start":{"line":41,"column":28},"end":{"line":41,"column":61}}},"10":{"name":"(anonymous_10)","decl":{"start":{"line":44,"column":32},"end":{"line":44,"column":33}},"loc":{"start":{"line":44,"column":43},"end":{"line":44,"column":71}}},"11":{"name":"(anonymous_11)","decl":{"start":{"line":45,"column":21},"end":{"line":45,"column":22}},"loc":{"start":{"line":45,"column":32},"end":{"line":45,"column":65}}}},"branchMap":{},"s":{"0":4,"1":4,"2":4,"3":8,"4":8,"5":8,"6":8,"7":8,"8":8,"9":8,"10":8,"11":8,"12":8,"13":8,"14":8},"f":{"0":8,"1":8,"2":8,"3":8,"4":8,"5":8,"6":8,"7":8,"8":8,"9":8,"10":8,"11":8},"b":{}}
,"C:\\Users\\joaopzevedo\\Desktop\\Me\\AulasTypeScript_DNC\\dashboards-vendas-dnc\\src\\componnents\\StyledInput.tsx": {"path":"C:\\Users\\joaopzevedo\\Desktop\\Me\\AulasTypeScript_DNC\\dashboards-vendas-dnc\\src\\componnents\\StyledInput.tsx","statementMap":{"0":{"start":{"line":1,"column":0},"end":{"line":1,"column":38}},"1":{"start":{"line":3,"column":0},"end":{"line":3,"column":34}},"2":{"start":{"line":5,"column":13},"end":{"line":28,"column":2}},"3":{"start":{"line":6,"column":35},"end":{"line":6,"column":63}},"4":{"start":{"line":7,"column":23},"end":{"line":7,"column":56}},"5":{"start":{"line":8,"column":45},"end":{"line":8,"column":78}},"6":{"start":{"line":19,"column":39},"end":{"line":19,"column":69}},"7":{"start":{"line":20,"column":28},"end":{"line":20,"column":61}},"8":{"start":{"line":21,"column":49},"end":{"line":21,"column":90}},"9":{"start":{"line":26,"column":27},"end":{"line":26,"column":65}}},"fnMap":{"0":{"name":"(anonymous_1)","decl":{"start":{"line":6,"column":24},"end":{"line":6,"column":25}},"loc":{"start":{"line":6,"column":35},"end":{"line":6,"column":63}}},"1":{"name":"(anonymous_2)","decl":{"start":{"line":7,"column":12},"end":{"line":7,"column":13}},"loc":{"start":{"line":7,"column":23},"end":{"line":7,"column":56}}},"2":{"name":"(anonymous_3)","decl":{"start":{"line":8,"column":34},"end":{"line":8,"column":35}},"loc":{"start":{"line":8,"column":45},"end":{"line":8,"column":78}}},"3":{"name":"(anonymous_4)","decl":{"start":{"line":19,"column":28},"end":{"line":19,"column":29}},"loc":{"start":{"line":19,"column":39},"end":{"line":19,"column":69}}},"4":{"name":"(anonymous_5)","decl":{"start":{"line":20,"column":17},"end":{"line":20,"column":18}},"loc":{"start":{"line":20,"column":28},"end":{"line":20,"column":61}}},"5":{"name":"(anonymous_6)","decl":{"start":{"line":21,"column":38},"end":{"line":21,"column":39}},"loc":{"start":{"line":21,"column":49},"end":{"line":21,"column":90}}},"6":{"name":"(anonymous_7)","decl":{"start":{"line":26,"column":16},"end":{"line":26,"column":17}},"loc":{"start":{"line":26,"column":27},"end":{"line":26,"column":65}}}},"branchMap":{},"s":{"0":4,"1":4,"2":4,"3":0,"4":0,"5":0,"6":0,"7":0,"8":0,"9":0},"f":{"0":0,"1":0,"2":0,"3":0,"4":0,"5":0,"6":0},"b":{}}
,"C:\\Users\\joaopzevedo\\Desktop\\Me\\AulasTypeScript_DNC\\dashboards-vendas-dnc\\src\\componnents\\Typographies.tsx": {"path":"C:\\Users\\joaopzevedo\\Desktop\\Me\\AulasTypeScript_DNC\\dashboards-vendas-dnc\\src\\componnents\\Typographies.tsx","statementMap":{"0":{"start":{"line":1,"column":0},"end":{"line":1,"column":38}},"1":{"start":{"line":3,"column":0},"end":{"line":3,"column":33}},"2":{"start":{"line":5,"column":13},"end":{"line":11,"column":null}},"3":{"start":{"line":6,"column":24},"end":{"line":6,"column":48}},"4":{"start":{"line":7,"column":28},"end":{"line":7,"column":53}},"5":{"start":{"line":8,"column":29},"end":{"line":8,"column":48}},"6":{"start":{"line":10,"column":29},"end":{"line":10,"column":60}},"7":{"start":{"line":12,"column":13},"end":{"line":17,"column":null}},"8":{"start":{"line":13,"column":24},"end":{"line":13,"column":48}},"9":{"start":{"line":14,"column":28},"end":{"line":14,"column":53}},"10":{"start":{"line":15,"column":29},"end":{"line":15,"column":48}},"11":{"start":{"line":16,"column":29},"end":{"line":16,"column":60}},"12":{"start":{"line":18,"column":13},"end":{"line":23,"column":null}},"13":{"start":{"line":19,"column":24},"end":{"line":19,"column":48}},"14":{"start":{"line":20,"column":28},"end":{"line":20,"column":53}},"15":{"start":{"line":21,"column":29},"end":{"line":21,"column":48}},"16":{"start":{"line":22,"column":29},"end":{"line":22,"column":60}},"17":{"start":{"line":24,"column":13},"end":{"line":29,"column":null}},"18":{"start":{"line":25,"column":24},"end":{"line":25,"column":48}},"19":{"start":{"line":26,"column":28},"end":{"line":26,"column":53}},"20":{"start":{"line":27,"column":29},"end":{"line":27,"column":48}},"21":{"start":{"line":28,"column":29},"end":{"line":28,"column":60}},"22":{"start":{"line":31,"column":13},"end":{"line":36,"column":null}},"23":{"start":{"line":32,"column":24},"end":{"line":32,"column":48}},"24":{"start":{"line":33,"column":28},"end":{"line":33,"column":53}},"25":{"start":{"line":34,"column":29},"end":{"line":34,"column":48}},"26":{"start":{"line":35,"column":29},"end":{"line":35,"column":60}},"27":{"start":{"line":37,"column":13},"end":{"line":47,"column":null}},"28":{"start":{"line":38,"column":24},"end":{"line":38,"column":48}},"29":{"start":{"line":39,"column":28},"end":{"line":39,"column":53}},"30":{"start":{"line":40,"column":29},"end":{"line":40,"column":48}},"31":{"start":{"line":41,"column":29},"end":{"line":41,"column":60}}},"fnMap":{"0":{"name":"(anonymous_1)","decl":{"start":{"line":6,"column":13},"end":{"line":6,"column":14}},"loc":{"start":{"line":6,"column":24},"end":{"line":6,"column":48}}},"1":{"name":"(anonymous_2)","decl":{"start":{"line":7,"column":17},"end":{"line":7,"column":18}},"loc":{"start":{"line":7,"column":28},"end":{"line":7,"column":53}}},"2":{"name":"(anonymous_3)","decl":{"start":{"line":8,"column":18},"end":{"line":8,"column":19}},"loc":{"start":{"line":8,"column":29},"end":{"line":8,"column":48}}},"3":{"name":"(anonymous_4)","decl":{"start":{"line":10,"column":18},"end":{"line":10,"column":19}},"loc":{"start":{"line":10,"column":29},"end":{"line":10,"column":60}}},"4":{"name":"(anonymous_5)","decl":{"start":{"line":13,"column":13},"end":{"line":13,"column":14}},"loc":{"start":{"line":13,"column":24},"end":{"line":13,"column":48}}},"5":{"name":"(anonymous_6)","decl":{"start":{"line":14,"column":17},"end":{"line":14,"column":18}},"loc":{"start":{"line":14,"column":28},"end":{"line":14,"column":53}}},"6":{"name":"(anonymous_7)","decl":{"start":{"line":15,"column":18},"end":{"line":15,"column":19}},"loc":{"start":{"line":15,"column":29},"end":{"line":15,"column":48}}},"7":{"name":"(anonymous_8)","decl":{"start":{"line":16,"column":18},"end":{"line":16,"column":19}},"loc":{"start":{"line":16,"column":29},"end":{"line":16,"column":60}}},"8":{"name":"(anonymous_9)","decl":{"start":{"line":19,"column":13},"end":{"line":19,"column":14}},"loc":{"start":{"line":19,"column":24},"end":{"line":19,"column":48}}},"9":{"name":"(anonymous_10)","decl":{"start":{"line":20,"column":17},"end":{"line":20,"column":18}},"loc":{"start":{"line":20,"column":28},"end":{"line":20,"column":53}}},"10":{"name":"(anonymous_11)","decl":{"start":{"line":21,"column":18},"end":{"line":21,"column":19}},"loc":{"start":{"line":21,"column":29},"end":{"line":21,"column":48}}},"11":{"name":"(anonymous_12)","decl":{"start":{"line":22,"column":18},"end":{"line":22,"column":19}},"loc":{"start":{"line":22,"column":29},"end":{"line":22,"column":60}}},"12":{"name":"(anonymous_13)","decl":{"start":{"line":25,"column":13},"end":{"line":25,"column":14}},"loc":{"start":{"line":25,"column":24},"end":{"line":25,"column":48}}},"13":{"name":"(anonymous_14)","decl":{"start":{"line":26,"column":17},"end":{"line":26,"column":18}},"loc":{"start":{"line":26,"column":28},"end":{"line":26,"column":53}}},"14":{"name":"(anonymous_15)","decl":{"start":{"line":27,"column":18},"end":{"line":27,"column":19}},"loc":{"start":{"line":27,"column":29},"end":{"line":27,"column":48}}},"15":{"name":"(anonymous_16)","decl":{"start":{"line":28,"column":18},"end":{"line":28,"column":19}},"loc":{"start":{"line":28,"column":29},"end":{"line":28,"column":60}}},"16":{"name":"(anonymous_17)","decl":{"start":{"line":32,"column":13},"end":{"line":32,"column":14}},"loc":{"start":{"line":32,"column":24},"end":{"line":32,"column":48}}},"17":{"name":"(anonymous_18)","decl":{"start":{"line":33,"column":17},"end":{"line":33,"column":18}},"loc":{"start":{"line":33,"column":28},"end":{"line":33,"column":53}}},"18":{"name":"(anonymous_19)","decl":{"start":{"line":34,"column":18},"end":{"line":34,"column":19}},"loc":{"start":{"line":34,"column":29},"end":{"line":34,"column":48}}},"19":{"name":"(anonymous_20)","decl":{"start":{"line":35,"column":18},"end":{"line":35,"column":19}},"loc":{"start":{"line":35,"column":29},"end":{"line":35,"column":60}}},"20":{"name":"(anonymous_21)","decl":{"start":{"line":38,"column":13},"end":{"line":38,"column":14}},"loc":{"start":{"line":38,"column":24},"end":{"line":38,"column":48}}},"21":{"name":"(anonymous_22)","decl":{"start":{"line":39,"column":17},"end":{"line":39,"column":18}},"loc":{"start":{"line":39,"column":28},"end":{"line":39,"column":53}}},"22":{"name":"(anonymous_23)","decl":{"start":{"line":40,"column":18},"end":{"line":40,"column":19}},"loc":{"start":{"line":40,"column":29},"end":{"line":40,"column":48}}},"23":{"name":"(anonymous_24)","decl":{"start":{"line":41,"column":18},"end":{"line":41,"column":19}},"loc":{"start":{"line":41,"column":29},"end":{"line":41,"column":60}}}},"branchMap":{"0":{"loc":{"start":{"line":6,"column":24},"end":{"line":6,"column":48}},"type":"binary-expr","locations":[{"start":{"line":6,"column":24},"end":{"line":6,"column":35}},{"start":{"line":6,"column":39},"end":{"line":6,"column":48}}]},"1":{"loc":{"start":{"line":7,"column":36},"end":{"line":7,"column":52}},"type":"binary-expr","locations":[{"start":{"line":7,"column":36},"end":{"line":7,"column":46}},{"start":{"line":7,"column":50},"end":{"line":7,"column":52}}]},"2":{"loc":{"start":{"line":8,"column":29},"end":{"line":8,"column":48}},"type":"binary-expr","locations":[{"start":{"line":8,"column":29},"end":{"line":8,"column":41}},{"start":{"line":8,"column":45},"end":{"line":8,"column":48}}]},"3":{"loc":{"start":{"line":10,"column":37},"end":{"line":10,"column":59}},"type":"binary-expr","locations":[{"start":{"line":10,"column":37},"end":{"line":10,"column":53}},{"start":{"line":10,"column":57},"end":{"line":10,"column":59}}]},"4":{"loc":{"start":{"line":13,"column":24},"end":{"line":13,"column":48}},"type":"binary-expr","locations":[{"start":{"line":13,"column":24},"end":{"line":13,"column":35}},{"start":{"line":13,"column":39},"end":{"line":13,"column":48}}]},"5":{"loc":{"start":{"line":14,"column":36},"end":{"line":14,"column":52}},"type":"binary-expr","locations":[{"start":{"line":14,"column":36},"end":{"line":14,"column":46}},{"start":{"line":14,"column":50},"end":{"line":14,"column":52}}]},"6":{"loc":{"start":{"line":15,"column":29},"end":{"line":15,"column":48}},"type":"binary-expr","locations":[{"start":{"line":15,"column":29},"end":{"line":15,"column":41}},{"start":{"line":15,"column":45},"end":{"line":15,"column":48}}]},"7":{"loc":{"start":{"line":16,"column":37},"end":{"line":16,"column":59}},"type":"binary-expr","locations":[{"start":{"line":16,"column":37},"end":{"line":16,"column":53}},{"start":{"line":16,"column":57},"end":{"line":16,"column":59}}]},"8":{"loc":{"start":{"line":19,"column":24},"end":{"line":19,"column":48}},"type":"binary-expr","locations":[{"start":{"line":19,"column":24},"end":{"line":19,"column":35}},{"start":{"line":19,"column":39},"end":{"line":19,"column":48}}]},"9":{"loc":{"start":{"line":20,"column":36},"end":{"line":20,"column":52}},"type":"binary-expr","locations":[{"start":{"line":20,"column":36},"end":{"line":20,"column":46}},{"start":{"line":20,"column":50},"end":{"line":20,"column":52}}]},"10":{"loc":{"start":{"line":21,"column":29},"end":{"line":21,"column":48}},"type":"binary-expr","locations":[{"start":{"line":21,"column":29},"end":{"line":21,"column":41}},{"start":{"line":21,"column":45},"end":{"line":21,"column":48}}]},"11":{"loc":{"start":{"line":22,"column":37},"end":{"line":22,"column":59}},"type":"binary-expr","locations":[{"start":{"line":22,"column":37},"end":{"line":22,"column":53}},{"start":{"line":22,"column":57},"end":{"line":22,"column":59}}]},"12":{"loc":{"start":{"line":25,"column":24},"end":{"line":25,"column":48}},"type":"binary-expr","locations":[{"start":{"line":25,"column":24},"end":{"line":25,"column":35}},{"start":{"line":25,"column":39},"end":{"line":25,"column":48}}]},"13":{"loc":{"start":{"line":26,"column":36},"end":{"line":26,"column":52}},"type":"binary-expr","locations":[{"start":{"line":26,"column":36},"end":{"line":26,"column":46}},{"start":{"line":26,"column":50},"end":{"line":26,"column":52}}]},"14":{"loc":{"start":{"line":27,"column":29},"end":{"line":27,"column":48}},"type":"binary-expr","locations":[{"start":{"line":27,"column":29},"end":{"line":27,"column":41}},{"start":{"line":27,"column":45},"end":{"line":27,"column":48}}]},"15":{"loc":{"start":{"line":28,"column":37},"end":{"line":28,"column":59}},"type":"binary-expr","locations":[{"start":{"line":28,"column":37},"end":{"line":28,"column":53}},{"start":{"line":28,"column":57},"end":{"line":28,"column":59}}]},"16":{"loc":{"start":{"line":32,"column":24},"end":{"line":32,"column":48}},"type":"binary-expr","locations":[{"start":{"line":32,"column":24},"end":{"line":32,"column":35}},{"start":{"line":32,"column":39},"end":{"line":32,"column":48}}]},"17":{"loc":{"start":{"line":33,"column":36},"end":{"line":33,"column":52}},"type":"binary-expr","locations":[{"start":{"line":33,"column":36},"end":{"line":33,"column":46}},{"start":{"line":33,"column":50},"end":{"line":33,"column":52}}]},"18":{"loc":{"start":{"line":34,"column":29},"end":{"line":34,"column":48}},"type":"binary-expr","locations":[{"start":{"line":34,"column":29},"end":{"line":34,"column":41}},{"start":{"line":34,"column":45},"end":{"line":34,"column":48}}]},"19":{"loc":{"start":{"line":35,"column":37},"end":{"line":35,"column":59}},"type":"binary-expr","locations":[{"start":{"line":35,"column":37},"end":{"line":35,"column":53}},{"start":{"line":35,"column":57},"end":{"line":35,"column":59}}]},"20":{"loc":{"start":{"line":38,"column":24},"end":{"line":38,"column":48}},"type":"binary-expr","locations":[{"start":{"line":38,"column":24},"end":{"line":38,"column":35}},{"start":{"line":38,"column":39},"end":{"line":38,"column":48}}]},"21":{"loc":{"start":{"line":39,"column":36},"end":{"line":39,"column":52}},"type":"binary-expr","locations":[{"start":{"line":39,"column":36},"end":{"line":39,"column":46}},{"start":{"line":39,"column":50},"end":{"line":39,"column":52}}]},"22":{"loc":{"start":{"line":40,"column":29},"end":{"line":40,"column":48}},"type":"binary-expr","locations":[{"start":{"line":40,"column":29},"end":{"line":40,"column":41}},{"start":{"line":40,"column":45},"end":{"line":40,"column":48}}]},"23":{"loc":{"start":{"line":41,"column":37},"end":{"line":41,"column":59}},"type":"binary-expr","locations":[{"start":{"line":41,"column":37},"end":{"line":41,"column":53}},{"start":{"line":41,"column":57},"end":{"line":41,"column":59}}]}},"s":{"0":4,"1":4,"2":4,"3":0,"4":0,"5":0,"6":0,"7":4,"8":0,"9":0,"10":0,"11":0,"12":4,"13":0,"14":0,"15":0,"16":0,"17":4,"18":0,"19":0,"20":0,"21":0,"22":4,"23":0,"24":0,"25":0,"26":0,"27":4,"28":0,"29":0,"30":0,"31":0},"f":{"0":0,"1":0,"2":0,"3":0,"4":0,"5":0,"6":0,"7":0,"8":0,"9":0,"10":0,"11":0,"12":0,"13":0,"14":0,"15":0,"16":0,"17":0,"18":0,"19":0,"20":0,"21":0,"22":0,"23":0},"b":{"0":[0,0],"1":[0,0],"2":[0,0],"3":[0,0],"4":[0,0],"5":[0,0],"6":[0,0],"7":[0,0],"8":[0,0],"9":[0,0],"10":[0,0],"11":[0,0],"12":[0,0],"13":[0,0],"14":[0,0],"15":[0,0],"16":[0,0],"17":[0,0],"18":[0,0],"19":[0,0],"20":[0,0],"21":[0,0],"22":[0,0],"23":[0,0]}}
,"C:\\Users\\joaopzevedo\\Desktop\\Me\\AulasTypeScript_DNC\\dashboards-vendas-dnc\\src\\componnents\\index.ts": {"path":"C:\\Users\\joaopzevedo\\Desktop\\Me\\AulasTypeScript_DNC\\dashboards-vendas-dnc\\src\\componnents\\index.ts","statementMap":{"0":{"start":{"line":1,"column":0},"end":{"line":1,"column":29}},"1":{"start":{"line":2,"column":0},"end":{"line":2,"column":32}},"2":{"start":{"line":3,"column":0},"end":{"line":3,"column":30}},"3":{"start":{"line":4,"column":0},"end":{"line":4,"column":29}},"4":{"start":{"line":5,"column":0},"end":{"line":5,"column":30}},"5":{"start":{"line":6,"column":0},"end":{"line":6,"column":22}},"6":{"start":{"line":7,"column":0},"end":{"line":7,"column":24}},"7":{"start":{"line":8,"column":0},"end":{"line":8,"column":32}},"8":{"start":{"line":9,"column":0},"end":{"line":9,"column":28}},"9":{"start":{"line":10,"column":0},"end":{"line":10,"column":29}},"10":{"start":{"line":11,"column":0},"end":{"line":11,"column":29}}},"fnMap":{},"branchMap":{},"s":{"0":4,"1":4,"2":4,"3":4,"4":4,"5":4,"6":4,"7":4,"8":4,"9":4,"10":4},"f":{},"b":{}}
,"C:\\Users\\joaopzevedo\\Desktop\\Me\\AulasTypeScript_DNC\\dashboards-vendas-dnc\\src\\resources\\themesList.ts": {"path":"C:\\Users\\joaopzevedo\\Desktop\\Me\\AulasTypeScript_DNC\\dashboards-vendas-dnc\\src\\resources\\themesList.ts","statementMap":{"0":{"start":{"line":1,"column":0},"end":{"line":1,"column":49}},"1":{"start":{"line":3,"column":13},"end":{"line":6,"column":null}}},"fnMap":{},"branchMap":{},"s":{"0":3,"1":3},"f":{},"b":{}}
,"C:\\Users\\joaopzevedo\\Desktop\\Me\\AulasTypeScript_DNC\\dashboards-vendas-dnc\\src\\styles\\globalStyle.ts": {"path":"C:\\Users\\joaopzevedo\\Desktop\\Me\\AulasTypeScript_DNC\\dashboards-vendas-dnc\\src\\styles\\globalStyle.ts","statementMap":{"0":{"start":{"line":1,"column":0},"end":{"line":1,"column":34}},"1":{"start":{"line":2,"column":0},"end":{"line":2,"column":53}},"2":{"start":{"line":5,"column":13},"end":{"line":52,"column":2}},"3":{"start":{"line":7,"column":39},"end":{"line":7,"column":64}},"4":{"start":{"line":8,"column":28},"end":{"line":8,"column":48}},"5":{"start":{"line":18,"column":28},"end":{"line":18,"column":48}},"6":{"start":{"line":35,"column":42},"end":{"line":35,"column":69}},"7":{"start":{"line":38,"column":42},"end":{"line":38,"column":67}}},"fnMap":{"0":{"name":"(anonymous_0)","decl":{"start":{"line":7,"column":28},"end":{"line":7,"column":29}},"loc":{"start":{"line":7,"column":39},"end":{"line":7,"column":64}}},"1":{"name":"(anonymous_1)","decl":{"start":{"line":8,"column":17},"end":{"line":8,"column":18}},"loc":{"start":{"line":8,"column":28},"end":{"line":8,"column":48}}},"2":{"name":"(anonymous_2)","decl":{"start":{"line":18,"column":17},"end":{"line":18,"column":18}},"loc":{"start":{"line":18,"column":28},"end":{"line":18,"column":48}}},"3":{"name":"(anonymous_3)","decl":{"start":{"line":35,"column":31},"end":{"line":35,"column":32}},"loc":{"start":{"line":35,"column":42},"end":{"line":35,"column":69}}},"4":{"name":"(anonymous_4)","decl":{"start":{"line":38,"column":31},"end":{"line":38,"column":32}},"loc":{"start":{"line":38,"column":42},"end":{"line":38,"column":67}}}},"branchMap":{},"s":{"0":3,"1":3,"2":3,"3":0,"4":0,"5":0,"6":0,"7":0},"f":{"0":0,"1":0,"2":0,"3":0,"4":0},"b":{}}
,"C:\\Users\\joaopzevedo\\Desktop\\Me\\AulasTypeScript_DNC\\dashboards-vendas-dnc\\src\\styles\\index.ts": {"path":"C:\\Users\\joaopzevedo\\Desktop\\Me\\AulasTypeScript_DNC\\dashboards-vendas-dnc\\src\\styles\\index.ts","statementMap":{"0":{"start":{"line":1,"column":0},"end":{"line":1,"column":29}},"1":{"start":{"line":2,"column":0},"end":{"line":2,"column":23}}},"fnMap":{},"branchMap":{},"s":{"0":3,"1":3},"f":{},"b":{}}
,"C:\\Users\\joaopzevedo\\Desktop\\Me\\AulasTypeScript_DNC\\dashboards-vendas-dnc\\src\\styles\\theme.ts": {"path":"C:\\Users\\joaopzevedo\\Desktop\\Me\\AulasTypeScript_DNC\\dashboards-vendas-dnc\\src\\styles\\theme.ts","statementMap":{"0":{"start":{"line":3,"column":13},"end":{"line":43,"column":null}},"1":{"start":{"line":45,"column":13},"end":{"line":85,"column":null}}},"fnMap":{},"branchMap":{},"s":{"0":3,"1":3},"f":{},"b":{}}
,"C:\\Users\\joaopzevedo\\Desktop\\Me\\AulasTypeScript_DNC\\dashboards-vendas-dnc\\src\\utils\\currencyConverter.ts": {"path":"C:\\Users\\joaopzevedo\\Desktop\\Me\\AulasTypeScript_DNC\\dashboards-vendas-dnc\\src\\utils\\currencyConverter.ts","statementMap":{"0":{"start":{"line":7,"column":0},"end":{"line":7,"column":16}},"1":{"start":{"line":8,"column":4},"end":{"line":11,"column":null}}},"fnMap":{"0":{"name":"currencyConverter","decl":{"start":{"line":7,"column":16},"end":{"line":7,"column":33}},"loc":{"start":{"line":7,"column":47},"end":{"line":12,"column":1}}}},"branchMap":{},"s":{"0":7,"1":0},"f":{"0":0},"b":{}}
,"C:\\Users\\joaopzevedo\\Desktop\\Me\\AulasTypeScript_DNC\\dashboards-vendas-dnc\\src\\utils\\highlightsTextConvert.ts": {"path":"C:\\Users\\joaopzevedo\\Desktop\\Me\\AulasTypeScript_DNC\\dashboards-vendas-dnc\\src\\utils\\highlightsTextConvert.ts","statementMap":{"0":{"start":{"line":7,"column":0},"end":{"line":7,"column":16}},"1":{"start":{"line":8,"column":4},"end":{"line":17,"column":5}},"2":{"start":{"line":10,"column":12},"end":{"line":10,"column":null}},"3":{"start":{"line":12,"column":12},"end":{"line":12,"column":null}},"4":{"start":{"line":14,"column":12},"end":{"line":14,"column":null}},"5":{"start":{"line":16,"column":12},"end":{"line":16,"column":null}}},"fnMap":{"0":{"name":"highlightsTextConverter","decl":{"start":{"line":7,"column":16},"end":{"line":7,"column":39}},"loc":{"start":{"line":7,"column":52},"end":{"line":18,"column":1}}}},"branchMap":{"0":{"loc":{"start":{"line":8,"column":4},"end":{"line":17,"column":5}},"type":"switch","locations":[{"start":{"line":9,"column":8},"end":{"line":10,"column":null}},{"start":{"line":11,"column":8},"end":{"line":12,"column":null}},{"start":{"line":13,"column":8},"end":{"line":14,"column":null}},{"start":{"line":15,"column":8},"end":{"line":16,"column":null}}]}},"s":{"0":7,"1":4,"2":1,"3":1,"4":1,"5":1},"f":{"0":4},"b":{"0":[1,1,1,1]}}
,"C:\\Users\\joaopzevedo\\Desktop\\Me\\AulasTypeScript_DNC\\dashboards-vendas-dnc\\src\\utils\\index.ts": {"path":"C:\\Users\\joaopzevedo\\Desktop\\Me\\AulasTypeScript_DNC\\dashboards-vendas-dnc\\src\\utils\\index.ts","statementMap":{"0":{"start":{"line":1,"column":0},"end":{"line":1,"column":25}},"1":{"start":{"line":2,"column":0},"end":{"line":2,"column":35}},"2":{"start":{"line":3,"column":0},"end":{"line":3,"column":44}},"3":{"start":{"line":4,"column":0},"end":{"line":4,"column":39}}},"fnMap":{},"branchMap":{},"s":{"0":7,"1":7,"2":7,"3":7},"f":{},"b":{}}
,"C:\\Users\\joaopzevedo\\Desktop\\Me\\AulasTypeScript_DNC\\dashboards-vendas-dnc\\src\\utils\\jwtExpirationDateConverter.ts": {"path":"C:\\Users\\joaopzevedo\\Desktop\\Me\\AulasTypeScript_DNC\\dashboards-vendas-dnc\\src\\utils\\jwtExpirationDateConverter.ts","statementMap":{"0":{"start":{"line":7,"column":0},"end":{"line":7,"column":16}},"1":{"start":{"line":8,"column":24},"end":{"line":8,"column":51}},"2":{"start":{"line":9,"column":35},"end":{"line":9,"column":53}},"3":{"start":{"line":10,"column":25},"end":{"line":10,"column":30}},"4":{"start":{"line":11,"column":32},"end":{"line":11,"column":69}},"5":{"start":{"line":12,"column":4},"end":{"line":12,"column":null}}},"fnMap":{"0":{"name":"jwtExpirationDataConverter","decl":{"start":{"line":7,"column":16},"end":{"line":7,"column":42}},"loc":{"start":{"line":7,"column":54},"end":{"line":13,"column":1}}}},"branchMap":{},"s":{"0":7,"1":3,"2":3,"3":3,"4":3,"5":3},"f":{"0":3},"b":{}}
,"C:\\Users\\joaopzevedo\\Desktop\\Me\\AulasTypeScript_DNC\\dashboards-vendas-dnc\\src\\utils\\pxToRem.ts": {"path":"C:\\Users\\joaopzevedo\\Desktop\\Me\\AulasTypeScript_DNC\\dashboards-vendas-dnc\\src\\utils\\pxToRem.ts","statementMap":{"0":{"start":{"line":7,"column":0},"end":{"line":7,"column":16}},"1":{"start":{"line":8,"column":4},"end":{"line":8,"column":null}}},"fnMap":{"0":{"name":"pxToRem","decl":{"start":{"line":7,"column":16},"end":{"line":7,"column":23}},"loc":{"start":{"line":7,"column":38},"end":{"line":9,"column":1}}}},"branchMap":{},"s":{"0":7,"1":135},"f":{"0":135},"b":{}}
}
