TN:
SF:src\componnents\AvatarList.tsx
FN:6,AvatarList
FN:11,(anonymous_1)
FNF:2
FNH:0
FNDA:0,AvatarList
FNDA:0,(anonymous_1)
DA:1,4
DA:2,4
DA:3,4
DA:6,4
DA:7,0
DA:8,0
DA:12,0
LF:7
LH:4
BRF:0
BRH:0
end_of_record
TN:
SF:src\componnents\BannerImage.tsx
FNF:0
FNH:0
DA:1,4
DA:3,4
LF:2
LH:2
BRF:0
BRH:0
end_of_record
TN:
SF:src\componnents\CardComponents.tsx
FN:5,(anonymous_1)
FN:6,(anonymous_2)
FN:12,(anonymous_3)
FN:13,(anonymous_4)
FN:16,(anonymous_5)
FN:17,(anonymous_6)
FN:20,(anonymous_7)
FN:21,(anonymous_8)
FNF:8
FNH:8
FNDA:8,(anonymous_1)
FNDA:8,(anonymous_2)
FNDA:8,(anonymous_3)
FNDA:8,(anonymous_4)
FNDA:8,(anonymous_5)
FNDA:8,(anonymous_6)
FNDA:8,(anonymous_7)
FNDA:8,(anonymous_8)
DA:1,4
DA:2,4
DA:4,4
DA:5,8
DA:6,8
DA:12,8
DA:13,8
DA:16,8
DA:17,8
DA:20,8
DA:21,8
LF:11
LH:11
BRF:0
BRH:0
end_of_record
TN:
SF:src\componnents\CustomChart.tsx
FN:9,CustomChart
FNF:1
FNH:0
FNDA:0,CustomChart
DA:1,4
DA:2,4
DA:3,4
DA:4,4
DA:7,4
DA:9,4
DA:10,0
DA:11,0
DA:13,0
DA:46,0
DA:57,0
LF:11
LH:6
BRDA:57,0,0,0
BRDA:57,0,1,0
BRF:2
BRH:0
end_of_record
TN:
SF:src\componnents\CustomTable.tsx
FN:37,(anonymous_1)
FN:41,(anonymous_2)
FN:50,CustomTable
FN:57,(anonymous_4)
FN:65,(anonymous_5)
FN:68,(anonymous_6)
FNF:6
FNH:0
FNDA:0,(anonymous_1)
FNDA:0,(anonymous_2)
FNDA:0,CustomTable
FNDA:0,(anonymous_4)
FNDA:0,(anonymous_5)
FNDA:0,(anonymous_6)
DA:1,4
DA:2,4
DA:5,4
DA:37,0
DA:41,0
DA:50,4
DA:51,0
DA:52,0
DA:58,0
DA:66,0
DA:69,0
LF:11
LH:4
BRF:0
BRH:0
end_of_record
TN:
SF:src\componnents\FormComponents.tsx
FN:13,FormComponent
FN:18,(anonymous_2)
FN:21,(anonymous_3)
FNF:3
FNH:0
FNDA:0,FormComponent
FNDA:0,(anonymous_2)
FNDA:0,(anonymous_3)
DA:1,4
DA:2,4
DA:4,4
DA:7,4
DA:13,4
DA:14,0
DA:16,0
DA:19,0
DA:22,0
LF:9
LH:5
BRDA:24,0,0,0
BRDA:24,0,1,0
BRDA:25,1,0,0
BRDA:25,1,1,0
BRF:4
BRH:0
end_of_record
TN:
SF:src\componnents\Header.tsx
FN:8,(anonymous_1)
FN:9,(anonymous_2)
FN:14,Header
FNF:3
FNH:0
FNDA:0,(anonymous_1)
FNDA:0,(anonymous_2)
FNDA:0,Header
DA:1,4
DA:2,4
DA:3,4
DA:4,4
DA:5,4
DA:7,4
DA:8,0
DA:9,0
DA:14,4
DA:15,0
LF:10
LH:7
BRF:0
BRH:0
end_of_record
TN:
SF:src\componnents\Logo.tsx
FN:6,(anonymous_1)
FN:8,(anonymous_2)
FN:9,(anonymous_3)
FNF:3
FNH:3
FNDA:4,(anonymous_1)
FNDA:4,(anonymous_2)
FNDA:4,(anonymous_3)
DA:1,4
DA:2,4
DA:5,4
DA:6,4
DA:8,4
DA:9,4
LF:6
LH:6
BRF:0
BRH:0
end_of_record
TN:
SF:src\componnents\StyledButton.tsx
FN:17,(anonymous_0)
FN:18,(anonymous_1)
FN:20,(anonymous_2)
FN:24,(anonymous_3)
FN:25,(anonymous_4)
FN:27,(anonymous_5)
FN:32,(anonymous_6)
FN:36,(anonymous_7)
FN:40,(anonymous_8)
FN:41,(anonymous_9)
FN:44,(anonymous_10)
FN:45,(anonymous_11)
FNF:12
FNH:12
FNDA:8,(anonymous_0)
FNDA:8,(anonymous_1)
FNDA:8,(anonymous_2)
FNDA:8,(anonymous_3)
FNDA:8,(anonymous_4)
FNDA:8,(anonymous_5)
FNDA:8,(anonymous_6)
FNDA:8,(anonymous_7)
FNDA:8,(anonymous_8)
FNDA:8,(anonymous_9)
FNDA:8,(anonymous_10)
FNDA:8,(anonymous_11)
DA:1,4
DA:3,4
DA:5,4
DA:17,8
DA:18,8
DA:20,8
DA:24,8
DA:25,8
DA:27,8
DA:32,8
DA:36,8
DA:40,8
DA:41,8
DA:44,8
DA:45,8
LF:15
LH:15
BRF:0
BRH:0
end_of_record
TN:
SF:src\componnents\StyledInput.tsx
FN:6,(anonymous_1)
FN:7,(anonymous_2)
FN:8,(anonymous_3)
FN:19,(anonymous_4)
FN:20,(anonymous_5)
FN:21,(anonymous_6)
FN:26,(anonymous_7)
FNF:7
FNH:0
FNDA:0,(anonymous_1)
FNDA:0,(anonymous_2)
FNDA:0,(anonymous_3)
FNDA:0,(anonymous_4)
FNDA:0,(anonymous_5)
FNDA:0,(anonymous_6)
FNDA:0,(anonymous_7)
DA:1,4
DA:3,4
DA:5,4
DA:6,0
DA:7,0
DA:8,0
DA:19,0
DA:20,0
DA:21,0
DA:26,0
LF:10
LH:3
BRF:0
BRH:0
end_of_record
TN:
SF:src\componnents\Typographies.tsx
FN:6,(anonymous_1)
FN:7,(anonymous_2)
FN:8,(anonymous_3)
FN:10,(anonymous_4)
FN:13,(anonymous_5)
FN:14,(anonymous_6)
FN:15,(anonymous_7)
FN:16,(anonymous_8)
FN:19,(anonymous_9)
FN:20,(anonymous_10)
FN:21,(anonymous_11)
FN:22,(anonymous_12)
FN:25,(anonymous_13)
FN:26,(anonymous_14)
FN:27,(anonymous_15)
FN:28,(anonymous_16)
FN:32,(anonymous_17)
FN:33,(anonymous_18)
FN:34,(anonymous_19)
FN:35,(anonymous_20)
FN:38,(anonymous_21)
FN:39,(anonymous_22)
FN:40,(anonymous_23)
FN:41,(anonymous_24)
FNF:24
FNH:0
FNDA:0,(anonymous_1)
FNDA:0,(anonymous_2)
FNDA:0,(anonymous_3)
FNDA:0,(anonymous_4)
FNDA:0,(anonymous_5)
FNDA:0,(anonymous_6)
FNDA:0,(anonymous_7)
FNDA:0,(anonymous_8)
FNDA:0,(anonymous_9)
FNDA:0,(anonymous_10)
FNDA:0,(anonymous_11)
FNDA:0,(anonymous_12)
FNDA:0,(anonymous_13)
FNDA:0,(anonymous_14)
FNDA:0,(anonymous_15)
FNDA:0,(anonymous_16)
FNDA:0,(anonymous_17)
FNDA:0,(anonymous_18)
FNDA:0,(anonymous_19)
FNDA:0,(anonymous_20)
FNDA:0,(anonymous_21)
FNDA:0,(anonymous_22)
FNDA:0,(anonymous_23)
FNDA:0,(anonymous_24)
DA:1,4
DA:3,4
DA:5,4
DA:6,0
DA:7,0
DA:8,0
DA:10,0
DA:12,4
DA:13,0
DA:14,0
DA:15,0
DA:16,0
DA:18,4
DA:19,0
DA:20,0
DA:21,0
DA:22,0
DA:24,4
DA:25,0
DA:26,0
DA:27,0
DA:28,0
DA:31,4
DA:32,0
DA:33,0
DA:34,0
DA:35,0
DA:37,4
DA:38,0
DA:39,0
DA:40,0
DA:41,0
LF:32
LH:8
BRDA:6,0,0,0
BRDA:6,0,1,0
BRDA:7,1,0,0
BRDA:7,1,1,0
BRDA:8,2,0,0
BRDA:8,2,1,0
BRDA:10,3,0,0
BRDA:10,3,1,0
BRDA:13,4,0,0
BRDA:13,4,1,0
BRDA:14,5,0,0
BRDA:14,5,1,0
BRDA:15,6,0,0
BRDA:15,6,1,0
BRDA:16,7,0,0
BRDA:16,7,1,0
BRDA:19,8,0,0
BRDA:19,8,1,0
BRDA:20,9,0,0
BRDA:20,9,1,0
BRDA:21,10,0,0
BRDA:21,10,1,0
BRDA:22,11,0,0
BRDA:22,11,1,0
BRDA:25,12,0,0
BRDA:25,12,1,0
BRDA:26,13,0,0
BRDA:26,13,1,0
BRDA:27,14,0,0
BRDA:27,14,1,0
BRDA:28,15,0,0
BRDA:28,15,1,0
BRDA:32,16,0,0
BRDA:32,16,1,0
BRDA:33,17,0,0
BRDA:33,17,1,0
BRDA:34,18,0,0
BRDA:34,18,1,0
BRDA:35,19,0,0
BRDA:35,19,1,0
BRDA:38,20,0,0
BRDA:38,20,1,0
BRDA:39,21,0,0
BRDA:39,21,1,0
BRDA:40,22,0,0
BRDA:40,22,1,0
BRDA:41,23,0,0
BRDA:41,23,1,0
BRF:48
BRH:0
end_of_record
TN:
SF:src\componnents\index.ts
FNF:0
FNH:0
DA:1,4
DA:2,4
DA:3,4
DA:4,4
DA:5,4
DA:6,4
DA:7,4
DA:8,4
DA:9,4
DA:10,4
DA:11,4
LF:11
LH:11
BRF:0
BRH:0
end_of_record
TN:
SF:src\resources\themesList.ts
FNF:0
FNH:0
DA:1,3
DA:3,3
LF:2
LH:2
BRF:0
BRH:0
end_of_record
TN:
SF:src\styles\globalStyle.ts
FN:7,(anonymous_0)
FN:8,(anonymous_1)
FN:18,(anonymous_2)
FN:35,(anonymous_3)
FN:38,(anonymous_4)
FNF:5
FNH:0
FNDA:0,(anonymous_0)
FNDA:0,(anonymous_1)
FNDA:0,(anonymous_2)
FNDA:0,(anonymous_3)
FNDA:0,(anonymous_4)
DA:1,3
DA:2,3
DA:5,3
DA:7,0
DA:8,0
DA:18,0
DA:35,0
DA:38,0
LF:8
LH:3
BRF:0
BRH:0
end_of_record
TN:
SF:src\styles\index.ts
FNF:0
FNH:0
DA:1,3
DA:2,3
LF:2
LH:2
BRF:0
BRH:0
end_of_record
TN:
SF:src\styles\theme.ts
FNF:0
FNH:0
DA:3,3
DA:45,3
LF:2
LH:2
BRF:0
BRH:0
end_of_record
TN:
SF:src\utils\currencyConverter.ts
FN:7,currencyConverter
FNF:1
FNH:0
FNDA:0,currencyConverter
DA:7,7
DA:8,0
LF:2
LH:1
BRF:0
BRH:0
end_of_record
TN:
SF:src\utils\highlightsTextConvert.ts
FN:7,highlightsTextConverter
FNF:1
FNH:1
FNDA:4,highlightsTextConverter
DA:7,7
DA:8,4
DA:10,1
DA:12,1
DA:14,1
DA:16,1
LF:6
LH:6
BRDA:8,0,0,1
BRDA:8,0,1,1
BRDA:8,0,2,1
BRDA:8,0,3,1
BRF:4
BRH:4
end_of_record
TN:
SF:src\utils\index.ts
FNF:0
FNH:0
DA:1,7
DA:2,7
DA:3,7
DA:4,7
LF:4
LH:4
BRF:0
BRH:0
end_of_record
TN:
SF:src\utils\jwtExpirationDateConverter.ts
FN:7,jwtExpirationDataConverter
FNF:1
FNH:1
FNDA:3,jwtExpirationDataConverter
DA:7,7
DA:8,3
DA:9,3
DA:10,3
DA:11,3
DA:12,3
LF:6
LH:6
BRF:0
BRH:0
end_of_record
TN:
SF:src\utils\pxToRem.ts
FN:7,pxToRem
FNF:1
FNH:1
FNDA:135,pxToRem
DA:7,7
DA:8,135
LF:2
LH:2
BRF:0
BRH:0
end_of_record
